<?xml version="1.0" encoding="UTF-8"?>
<testsuite name="asaplog.crud.CrudApplicationTests" tests="1" skipped="0" failures="0" errors="0" timestamp="2021-05-24T20:19:45" hostname="gustavo" time="0.498">
  <properties/>
  <testcase name="contextLoads()" classname="asaplog.crud.CrudApplicationTests" time="0.498"/>
  <system-out><![CDATA[17:19:37.171 [Test worker] DEBUG org.springframework.test.context.BootstrapUtils - Instantiating CacheAwareContextLoaderDelegate from class [org.springframework.test.context.cache.DefaultCacheAwareContextLoaderDelegate]
17:19:37.200 [Test worker] DEBUG org.springframework.test.context.BootstrapUtils - Instantiating BootstrapContext using constructor [public org.springframework.test.context.support.DefaultBootstrapContext(java.lang.Class,org.springframework.test.context.CacheAwareContextLoaderDelegate)]
17:19:37.268 [Test worker] DEBUG org.springframework.test.context.BootstrapUtils - Instantiating TestContextBootstrapper for test class [asaplog.crud.CrudApplicationTests] from class [org.springframework.boot.test.context.SpringBootTestContextBootstrapper]
17:19:37.282 [Test worker] INFO org.springframework.boot.test.context.SpringBootTestContextBootstrapper - Neither @ContextConfiguration nor @ContextHierarchy found for test class [asaplog.crud.CrudApplicationTests], using SpringBootContextLoader
17:19:37.287 [Test worker] DEBUG org.springframework.test.context.support.AbstractContextLoader - Did not detect default resource location for test class [asaplog.crud.CrudApplicationTests]: class path resource [asaplog/crud/CrudApplicationTests-context.xml] does not exist
17:19:37.288 [Test worker] DEBUG org.springframework.test.context.support.AbstractContextLoader - Did not detect default resource location for test class [asaplog.crud.CrudApplicationTests]: class path resource [asaplog/crud/CrudApplicationTestsContext.groovy] does not exist
17:19:37.288 [Test worker] INFO org.springframework.test.context.support.AbstractContextLoader - Could not detect default resource locations for test class [asaplog.crud.CrudApplicationTests]: no resource found for suffixes {-context.xml, Context.groovy}.
17:19:37.289 [Test worker] INFO org.springframework.test.context.support.AnnotationConfigContextLoaderUtils - Could not detect default configuration classes for test class [asaplog.crud.CrudApplicationTests]: CrudApplicationTests does not declare any static, non-private, non-final, nested classes annotated with @Configuration.
17:19:37.347 [Test worker] DEBUG org.springframework.test.context.support.ActiveProfilesUtils - Could not find an 'annotation declaring class' for annotation type [org.springframework.test.context.ActiveProfiles] and class [asaplog.crud.CrudApplicationTests]
17:19:37.439 [Test worker] DEBUG org.springframework.context.annotation.ClassPathScanningCandidateComponentProvider - Identified candidate component class: file [/home/gustavo/Documentos/Java/asaplog/crud/build/classes/java/main/asaplog/crud/CrudApplication.class]
17:19:37.440 [Test worker] INFO org.springframework.boot.test.context.SpringBootTestContextBootstrapper - Found @SpringBootConfiguration asaplog.crud.CrudApplication for test class asaplog.crud.CrudApplicationTests
17:19:37.754 [Test worker] DEBUG org.springframework.boot.test.context.SpringBootTestContextBootstrapper - @TestExecutionListeners is not present for class [asaplog.crud.CrudApplicationTests]: using defaults.
17:19:37.755 [Test worker] INFO org.springframework.boot.test.context.SpringBootTestContextBootstrapper - Loaded default TestExecutionListener class names from location [META-INF/spring.factories]: [org.springframework.boot.test.autoconfigure.restdocs.RestDocsTestExecutionListener, org.springframework.boot.test.autoconfigure.web.client.MockRestServiceServerResetTestExecutionListener, org.springframework.boot.test.autoconfigure.web.servlet.MockMvcPrintOnlyOnFailureTestExecutionListener, org.springframework.boot.test.autoconfigure.web.servlet.WebDriverTestExecutionListener, org.springframework.boot.test.autoconfigure.webservices.client.MockWebServiceServerTestExecutionListener, org.springframework.boot.test.mock.mockito.MockitoTestExecutionListener, org.springframework.boot.test.mock.mockito.ResetMocksTestExecutionListener, org.springframework.test.context.web.ServletTestExecutionListener, org.springframework.test.context.support.DirtiesContextBeforeModesTestExecutionListener, org.springframework.test.context.event.ApplicationEventsTestExecutionListener, org.springframework.test.context.support.DependencyInjectionTestExecutionListener, org.springframework.test.context.support.DirtiesContextTestExecutionListener, org.springframework.test.context.transaction.TransactionalTestExecutionListener, org.springframework.test.context.jdbc.SqlScriptsTestExecutionListener, org.springframework.test.context.event.EventPublishingTestExecutionListener]
17:19:37.800 [Test worker] INFO org.springframework.boot.test.context.SpringBootTestContextBootstrapper - Using TestExecutionListeners: [org.springframework.test.context.web.ServletTestExecutionListener@2e8e6420, org.springframework.test.context.support.DirtiesContextBeforeModesTestExecutionListener@67ab252c, org.springframework.test.context.event.ApplicationEventsTestExecutionListener@2d755eb2, org.springframework.boot.test.mock.mockito.MockitoTestExecutionListener@4ae9a9bb, org.springframework.boot.test.autoconfigure.SpringBootDependencyInjectionTestExecutionListener@171b7ba2, org.springframework.test.context.support.DirtiesContextTestExecutionListener@29a7ae28, org.springframework.test.context.transaction.TransactionalTestExecutionListener@2e20f560, org.springframework.test.context.jdbc.SqlScriptsTestExecutionListener@2903356e, org.springframework.test.context.event.EventPublishingTestExecutionListener@65899d87, org.springframework.boot.test.autoconfigure.restdocs.RestDocsTestExecutionListener@71cba9f0, org.springframework.boot.test.autoconfigure.web.client.MockRestServiceServerResetTestExecutionListener@58e9c95c, org.springframework.boot.test.autoconfigure.web.servlet.MockMvcPrintOnlyOnFailureTestExecutionListener@68712f6a, org.springframework.boot.test.autoconfigure.web.servlet.WebDriverTestExecutionListener@413de246, org.springframework.boot.test.autoconfigure.webservices.client.MockWebServiceServerTestExecutionListener@6d1547b8, org.springframework.boot.test.mock.mockito.ResetMocksTestExecutionListener@7ba0d06f]
17:19:37.808 [Test worker] DEBUG org.springframework.test.context.support.AbstractDirtiesContextTestExecutionListener - Before test class: context [DefaultTestContext@30a7e979 testClass = CrudApplicationTests, testInstance = [null], testMethod = [null], testException = [null], mergedContextConfiguration = [WebMergedContextConfiguration@5ad6341d testClass = CrudApplicationTests, locations = '{}', classes = '{class asaplog.crud.CrudApplication}', contextInitializerClasses = '[]', activeProfiles = '{}', propertySourceLocations = '{}', propertySourceProperties = '{org.springframework.boot.test.context.SpringBootTestContextBootstrapper=true}', contextCustomizers = set[org.springframework.boot.test.autoconfigure.actuate.metrics.MetricsExportContextCustomizerFactory$DisableMetricExportContextCustomizer@45bccfdc, org.springframework.boot.test.autoconfigure.properties.PropertyMappingContextCustomizer@0, org.springframework.boot.test.autoconfigure.web.servlet.WebDriverContextCustomizerFactory$Customizer@4f12ac77, org.springframework.boot.test.context.filter.ExcludeFilterContextCustomizer@78e65177, org.springframework.boot.test.json.DuplicateJsonObjectContextCustomizerFactory$DuplicateJsonObjectContextCustomizer@f68fa39, org.springframework.boot.test.mock.mockito.MockitoContextCustomizer@0, org.springframework.boot.test.web.client.TestRestTemplateContextCustomizer@63b375df, org.springframework.boot.test.context.SpringBootTestArgs@1, org.springframework.boot.test.context.SpringBootTestWebEnvironment@75e8124d], resourceBasePath = 'src/main/webapp', contextLoader = 'org.springframework.boot.test.context.SpringBootContextLoader', parent = [null]], attributes = map['org.springframework.test.context.web.ServletTestExecutionListener.activateListener' -> true]], class annotated with @DirtiesContext [false] with mode [null].
17:19:37.880 [Test worker] DEBUG org.springframework.test.context.support.TestPropertySourceUtils - Adding inlined properties to environment: {spring.jmx.enabled=false, org.springframework.boot.test.context.SpringBootTestContextBootstrapper=true}

  .   ____          _            __ _ _
 /\\ / ___'_ __ _ _(_)_ __  __ _ \ \ \ \
( ( )\___ | '_ | '_| | '_ \/ _` | \ \ \ \
 \\/  ___)| |_)| | | | | || (_| |  ) ) ) )
  '  |____| .__|_| |_|_| |_\__, | / / / /
 =========|_|==============|___/=/_/_/_/
 :: Spring Boot ::                (v2.5.0)

2021-05-24 17:19:40.378  INFO 31453 --- [    Test worker] asaplog.crud.CrudApplicationTests        : Starting CrudApplicationTests using Java 11.0.11 on gustavo with PID 31453 (started by gustavo in /home/gustavo/Documentos/Java/asaplog/crud)
2021-05-24 17:19:40.386  INFO 31453 --- [    Test worker] asaplog.crud.CrudApplicationTests        : No active profile set, falling back to default profiles: default
2021-05-24 17:19:41.956  INFO 31453 --- [    Test worker] .s.d.r.c.RepositoryConfigurationDelegate : Bootstrapping Spring Data MongoDB repositories in DEFAULT mode.
2021-05-24 17:19:42.053  INFO 31453 --- [    Test worker] .s.d.r.c.RepositoryConfigurationDelegate : Finished Spring Data repository scanning in 92 ms. Found 2 MongoDB repository interfaces.
2021-05-24 17:19:42.725  INFO 31453 --- [    Test worker] org.mongodb.driver.cluster               : Cluster created with settings {hosts=[0.0.0.0:27017], mode=SINGLE, requiredClusterType=UNKNOWN, serverSelectionTimeout='30000 ms'}
2021-05-24 17:19:43.408  WARN 31453 --- [    Test worker] o.s.data.convert.CustomConversions       : Registering converter from class java.time.LocalDateTime to class org.joda.time.LocalDateTime as reading converter although it doesn't convert from a store-supported type! You might want to check your annotation setup at the converter implementation.
2021-05-24 17:19:43.551  WARN 31453 --- [    Test worker] o.s.data.convert.CustomConversions       : Registering converter from class java.time.LocalDateTime to class org.joda.time.LocalDateTime as reading converter although it doesn't convert from a store-supported type! You might want to check your annotation setup at the converter implementation.
2021-05-24 17:19:44.490  INFO 31453 --- [}-0.0.0.0:27017] org.mongodb.driver.connection            : Opened connection [connectionId{localValue:1, serverValue:2}] to 0.0.0.0:27017
2021-05-24 17:19:44.493  INFO 31453 --- [}-0.0.0.0:27017] org.mongodb.driver.connection            : Opened connection [connectionId{localValue:2, serverValue:1}] to 0.0.0.0:27017
2021-05-24 17:19:44.498  INFO 31453 --- [}-0.0.0.0:27017] org.mongodb.driver.cluster               : Monitor thread successfully connected to server with description ServerDescription{address=0.0.0.0:27017, type=STANDALONE, state=CONNECTED, ok=true, minWireVersion=0, maxWireVersion=7, maxDocumentSize=16777216, logicalSessionTimeoutMinutes=30, roundTripTimeNanos=1218453165}
2021-05-24 17:19:45.610  INFO 31453 --- [    Test worker] asaplog.crud.CrudApplicationTests        : Started CrudApplicationTests in 7.712 seconds (JVM running for 15.235)
2021-05-24 17:19:45.612  INFO 31453 --- [    Test worker] o.s.b.a.ApplicationAvailabilityBean      : Application availability state LivenessState changed to CORRECT
2021-05-24 17:19:45.614  INFO 31453 --- [    Test worker] o.s.b.a.ApplicationAvailabilityBean      : Application availability state ReadinessState changed to ACCEPTING_TRAFFIC
]]></system-out>
  <system-err><![CDATA[]]></system-err>
</testsuite>
